2025-08-09 12:12:59 : <!DOCTYPE html>
<html xmlns="http://www.w3.org/1999/xhtml">
<head>
    <title></title>
</head>
<body>
	<div style="margin-left:16px;">
		<h1>SkyLite Framework</h1> 
		<h2>BadRequest / RequestTimeout</h2>
		<div style="margin-top:30px;">
			<h4>Resource:&nbsp;NavXysHome - Exception has been thrown by the target of an invocation.</h4>
		</div>
    </div>
	<div style="padding-top: 20px; padding-left: 20px;">
		<input type="button" style="width:100px; height:28px" value="Refresh" onclick="location.reload()" />
    </div>
</body>
</html>

2025-08-09 12:15:05 : <!DOCTYPE html>
<html xmlns="http://www.w3.org/1999/xhtml">
<head>
    <title></title>
</head>
<body>
	<div style="margin-left:16px;">
		<h1>SkyLite Framework</h1> 
		<h2>BadRequest / RequestTimeout</h2>
		<div style="margin-top:30px;">
			<h4>Resource:&nbsp;NavXysHome - Exception has been thrown by the target of an invocation.</h4>
		</div>
    </div>
	<div style="padding-top: 20px; padding-left: 20px;">
		<input type="button" style="width:100px; height:28px" value="Refresh" onclick="location.reload()" />
    </div>
</body>
</html>

2025-08-09 12:15:35 : <!DOCTYPE html>
<html xmlns="http://www.w3.org/1999/xhtml">
<head>
    <title></title>
</head>
<body>
	<div style="margin-left:16px;">
		<h1>SkyLite Framework</h1> 
		<h2>BadRequest / RequestTimeout</h2>
		<div style="margin-top:30px;">
			<h4>Resource:&nbsp;NavXysHome - Exception has been thrown by the target of an invocation.</h4>
		</div>
    </div>
	<div style="padding-top: 20px; padding-left: 20px;">
		<input type="button" style="width:100px; height:28px" value="Refresh" onclick="location.reload()" />
    </div>
</body>
</html>

2025-08-09 13:18:55 : <!DOCTYPE html>
<html xmlns="http://www.w3.org/1999/xhtml">
<head>
    <title></title>
</head>
<body>
	<div style="margin-left:16px;">
		<h1>SkyLite Framework</h1> 
		<h2>BadRequest / RequestTimeout</h2>
		<div style="margin-top:30px;">
			<h4>Resource:&nbsp;Irs%20KK_mfn96LAO3AM%20OH9JnJb1uyIw0MVzMc8Pc2mcZWcsj4XxEPfd3dYxheRvk49_AwppfH_E==== - Exception has been thrown by the target of an invocation.</h4>
		</div>
    </div>
	<div style="padding-top: 20px; padding-left: 20px;">
		<input type="button" style="width:100px; height:28px" value="Refresh" onclick="location.reload()" />
    </div>
</body>
</html>

2025-08-09 13:19:19 : <!DOCTYPE html>
<html xmlns="http://www.w3.org/1999/xhtml">
<head>
    <title></title>
</head>
<body>
	<div style="margin-left:16px;">
		<h1>SkyLite Framework</h1> 
		<h2>BadRequest / RequestTimeout</h2>
		<div style="margin-top:30px;">
			<h4>Resource:&nbsp;Irs%20KK_mfn96LAO3AM%20OH9JnJb1uyIw0MVzMc8Pc2mcZWcsj4XxEPfd3dYxheRvk49_AwppfH_E==== - Exception has been thrown by the target of an invocation.</h4>
		</div>
    </div>
	<div style="padding-top: 20px; padding-left: 20px;">
		<input type="button" style="width:100px; height:28px" value="Refresh" onclick="location.reload()" />
    </div>
</body>
</html>

2025-08-09 13:21:13 : <!DOCTYPE html>
<html xmlns="http://www.w3.org/1999/xhtml">
<head>
    <title></title>
</head>
<body>
	<div style="margin-left:16px;">
		<h1>SkyLite Framework</h1> 
		<h2>BadRequest / RequestTimeout</h2>
		<div style="margin-top:30px;">
			<h4>Resource:&nbsp;Irs%20KK_mfn96LAO3AM%20OH9JnJb1uyIw0MVzMc8Pc2mcZWcsj4XxEPfd3dYxheRvk49_AwppfH_E==== - Exception has been thrown by the target of an invocation.</h4>
		</div>
    </div>
	<div style="padding-top: 20px; padding-left: 20px;">
		<input type="button" style="width:100px; height:28px" value="Refresh" onclick="location.reload()" />
    </div>
</body>
</html>

2025-08-09 13:22:32 : <!DOCTYPE html>
<html xmlns="http://www.w3.org/1999/xhtml">
<head>
    <title></title>
</head>
<body>
	<div style="margin-left:16px;">
		<h1>SkyLite Framework</h1> 
		<h2>BadRequest / RequestTimeout</h2>
		<div style="margin-top:30px;">
			<h4>Resource:&nbsp;Irs%20KK_mfn96LAO3AM%20OH9JnJb1uyIw0MVzMc8Pc2mcZWcsj4XxEPfd3dYxheRvk49_AwppfH_E==== - Exception has been thrown by the target of an invocation.</h4>
		</div>
    </div>
	<div style="padding-top: 20px; padding-left: 20px;">
		<input type="button" style="width:100px; height:28px" value="Refresh" onclick="location.reload()" />
    </div>
</body>
</html>

